[05May2026 14:17:08.880] [main/INFO] [cpw.mods.modlauncher.Launcher/MODLAUNCHER]: ModLauncher running: args [--launchTarget, forgeclientuserdev, --version, 21.0.167, --assetIndex, 17, --assetsDir, C:\\Users\\rohzek\\.gradle\\caches\\neoformruntime\\assets, --gameDir, ., --fml.neoForgeVersion, 21.0.167, --fml.fmlVersion, 4.0.23, --fml.mcVersion, 1.21, --fml.neoFormVersion, 20240613.152323]
[05May2026 14:17:08.884] [main/INFO] [cpw.mods.modlauncher.Launcher/MODLAUNCHER]: JVM identified as Oracle Corporation Java HotSpot(TM) 64-Bit Server VM 21.0.5+9-LTS-239
[05May2026 14:17:08.886] [main/INFO] [cpw.mods.modlauncher.Launcher/MODLAUNCHER]: ModLauncher 11.0.4+main.d2e20e43 starting: java version 21.0.5 by Oracle Corporation; OS Windows 10 arch amd64 version 10.0
[05May2026 14:17:09.026] [main/INFO] [net.neoforged.fml.loading.ImmediateWindowHandler/]: Loading ImmediateWindowProvider fmlearlywindow
[05May2026 14:17:09.152] [main/INFO] [EARLYDISPLAY/]: Trying GL version 4.6
[05May2026 14:17:09.314] [main/INFO] [EARLYDISPLAY/]: Requested GL version 4.6 got version 4.6
[05May2026 14:17:09.403] [main/INFO] [mixin/]: SpongePowered MIXIN Subsystem Version=0.8.6 Source=union:/C:/Users/rohzek/.gradle/caches/modules-2/files-2.1/net.fabricmc/sponge-mixin/0.14.0+mixin.0.8.6/c265173c84346e9e5d42a2384b2b02bd39a4a899/sponge-mixin-0.14.0+mixin.0.8.6.jar%23131!/ Service=ModLauncher Env=CLIENT
[05May2026 14:17:09.551] [pool-2-thread-1/INFO] [EARLYDISPLAY/]: GL info: NVIDIA GeForce RTX 2070/PCIe/SSE2 GL version 4.6.0 NVIDIA 595.97, NVIDIA Corporation
[05May2026 14:17:09.706] [main/INFO] [net.neoforged.fml.loading.moddiscovery.locators.JarInJarDependencyLocator/]: Found 1 dependencies adding them to mods collection
[05May2026 14:17:09.916] [main/INFO] [net.neoforged.fml.loading.FMLServiceProvider/CORE]: Loading coremod script-engine for [neoforge]
[05May2026 14:17:11.336] [main/INFO] [cpw.mods.modlauncher.LaunchServiceHandler/MODLAUNCHER]: Launching target 'forgeclientuserdev' with arguments [--version, 21.0.167, --gameDir, ., --assetsDir, C:\Users\rohzek\.gradle\caches\neoformruntime\assets, --assetIndex, 17]
[05May2026 14:17:13.122] [Datafixer Bootstrap/INFO] [com.mojang.datafixers.DataFixerBuilder/]: 229 Datafixer optimizations took 350 milliseconds
[05May2026 14:17:13.334] [main/WARN] [oshi.util.platform.windows.PerfDataUtil/]: Failed to add PDH Counter: \Paging File(_Total)\% Usage, Error code: 0xC0000BB8
[05May2026 14:17:13.335] [main/WARN] [oshi.util.platform.windows.PerfCounterQueryHandler/]: Failed to add counter for PDH counter: \Paging File(_Total)\% Usage
[05May2026 14:17:13.335] [main/WARN] [oshi.util.platform.windows.PerfCounterQuery/]: Disabling further attempts to query Paging File.
[05May2026 14:17:14.517] [main/WARN] [oshi.util.platform.windows.WmiQueryHandler/]: COM exception: Invalid Query: SELECT PERCENTUSAGE FROM Win32_PerfRawData_PerfOS_PagingFile
[05May2026 14:17:14.538] [pool-8-thread-1/INFO] [MixinExtras|Service/]: Initializing MixinExtras via com.llamalad7.mixinextras.service.MixinExtrasServiceImpl(version=0.3.5).
[05May2026 14:17:19.287] [main/WARN] [net.minecraft.commands.Commands/]: Ambiguity between arguments [teleport, location] and [teleport, destination] with inputs: [0.1 -0.5 .9, 0 0 0]
[05May2026 14:17:19.288] [main/WARN] [net.minecraft.commands.Commands/]: Ambiguity between arguments [teleport, location] and [teleport, targets] with inputs: [0.1 -0.5 .9, 0 0 0]
[05May2026 14:17:19.290] [main/WARN] [net.minecraft.commands.Commands/]: Ambiguity between arguments [teleport, destination] and [teleport, targets] with inputs: [Player, 0123, @e, dd12be42-52a9-4a91-a8a1-11c01849e498]
[05May2026 14:17:19.291] [main/WARN] [net.minecraft.commands.Commands/]: Ambiguity between arguments [teleport, targets] and [teleport, destination] with inputs: [Player, 0123, dd12be42-52a9-4a91-a8a1-11c01849e498]
[05May2026 14:17:19.292] [main/WARN] [net.minecraft.commands.Commands/]: Ambiguity between arguments [teleport, targets, location] and [teleport, targets, destination] with inputs: [0.1 -0.5 .9, 0 0 0]
[05May2026 14:17:19.433] [Render thread/WARN] [net.minecraft.server.packs.VanillaPackResourcesBuilder/]: Assets URL 'union:/F:/Development/Github/Actually-Useful-Stonecutter/build/moddev/artifacts/neoforge-21.0.167.jar%23184!/assets/.mcassetsroot' uses unexpected schema
[05May2026 14:17:19.433] [Render thread/WARN] [net.minecraft.server.packs.VanillaPackResourcesBuilder/]: Assets URL 'union:/F:/Development/Github/Actually-Useful-Stonecutter/build/moddev/artifacts/neoforge-21.0.167.jar%23184!/data/.mcassetsroot' uses unexpected schema
[05May2026 14:17:19.467] [Render thread/INFO] [com.mojang.authlib.yggdrasil.YggdrasilAuthenticationService/]: Environment: Environment[sessionHost=https://sessionserver.mojang.com, servicesHost=https://api.minecraftservices.com, name=PROD]
[05May2026 14:17:19.474] [Render thread/INFO] [net.minecraft.client.Minecraft/]: Setting user: Dev
[05May2026 14:17:19.569] [Render thread/INFO] [net.minecraft.client.Minecraft/]: Backend library: LWJGL version 3.3.3+5
[05May2026 14:17:19.826] [modloading-worker-0/INFO] [net.neoforged.neoforge.common.NeoForgeMod/NEOFORGE-MOD]: NeoForge mod loading, version 21.0.167, for MC 1.21
[05May2026 14:17:19.917] [modloading-worker-0/INFO] [mezz.jei.library.load.PluginCaller/]: Sending ConfigManager...
[05May2026 14:17:19.925] [modloading-worker-0/INFO] [mezz.jei.library.load.PluginCaller/]: Sending ConfigManager took 5.289 ms
[05May2026 14:17:20.415] [Render thread/INFO] [net.neoforged.neoforge.gametest.GameTestHooks/]: Enabled Gametest Namespaces: [actuallyusefulstonecutter]
[05May2026 14:17:20.522] [Render thread/INFO] [net.minecraft.server.packs.resources.ReloadableResourceManager/]: Reloading ResourceManager: vanilla, mod_resources, mod/actuallyusefulstonecutter, mod/neoforge, mod/jei
[05May2026 14:17:20.670] [Worker-Main-12/INFO] [net.minecraft.client.gui.font.providers.UnihexProvider/]: Found unifont_all_no_pua-15.1.05.hex, loading
[05May2026 14:17:20.670] [Worker-Main-10/INFO] [net.minecraft.client.gui.font.providers.UnihexProvider/]: Found unifont_jp_patch-15.1.05.hex, loading
[05May2026 14:17:21.896] [Render thread/WARN] [net.minecraft.client.sounds.SoundEngine/]: Missing sound for event: minecraft:item.goat_horn.play
[05May2026 14:17:21.897] [Render thread/WARN] [net.minecraft.client.sounds.SoundEngine/]: Missing sound for event: minecraft:entity.goat.screaming.horn_break
[05May2026 14:17:21.974] [Render thread/INFO] [com.mojang.blaze3d.audio.Library/]: OpenAL initialized on device OpenAL Soft on Headphones (4- Astro MixAmp Pro Game)
[05May2026 14:17:21.974] [Render thread/INFO] [net.minecraft.client.sounds.SoundEngine/SOUNDS]: Sound engine started
[05May2026 14:17:22.044] [Render thread/INFO] [net.minecraft.client.renderer.texture.TextureAtlas/]: Created: 1024x512x4 minecraft:textures/atlas/blocks.png-atlas
[05May2026 14:17:22.052] [Render thread/INFO] [net.minecraft.client.renderer.texture.TextureAtlas/]: Created: 256x256x4 minecraft:textures/atlas/signs.png-atlas
[05May2026 14:17:22.053] [Render thread/INFO] [net.minecraft.client.renderer.texture.TextureAtlas/]: Created: 512x512x4 minecraft:textures/atlas/shield_patterns.png-atlas
[05May2026 14:17:22.053] [Render thread/INFO] [net.minecraft.client.renderer.texture.TextureAtlas/]: Created: 512x512x4 minecraft:textures/atlas/banner_patterns.png-atlas
[05May2026 14:17:22.054] [Render thread/INFO] [net.minecraft.client.renderer.texture.TextureAtlas/]: Created: 1024x1024x4 minecraft:textures/atlas/armor_trims.png-atlas
[05May2026 14:17:22.056] [Render thread/INFO] [net.minecraft.client.renderer.texture.TextureAtlas/]: Created: 128x64x4 minecraft:textures/atlas/decorated_pot.png-atlas
[05May2026 14:17:22.057] [Render thread/INFO] [net.minecraft.client.renderer.texture.TextureAtlas/]: Created: 256x256x4 minecraft:textures/atlas/chest.png-atlas
[05May2026 14:17:22.057] [Render thread/INFO] [net.minecraft.client.renderer.texture.TextureAtlas/]: Created: 512x256x4 minecraft:textures/atlas/shulker_boxes.png-atlas
[05May2026 14:17:22.057] [Render thread/INFO] [net.minecraft.client.renderer.texture.TextureAtlas/]: Created: 512x256x4 minecraft:textures/atlas/beds.png-atlas
[05May2026 14:17:22.211] [Render thread/INFO] [net.minecraft.client.renderer.texture.TextureAtlas/]: Created: 512x256x0 minecraft:textures/atlas/particles.png-atlas
[05May2026 14:17:22.213] [Render thread/INFO] [net.minecraft.client.renderer.texture.TextureAtlas/]: Created: 512x256x0 minecraft:textures/atlas/paintings.png-atlas
[05May2026 14:17:22.213] [Render thread/INFO] [net.minecraft.client.renderer.texture.TextureAtlas/]: Created: 256x128x0 minecraft:textures/atlas/mob_effects.png-atlas
[05May2026 14:17:22.214] [Render thread/INFO] [net.minecraft.client.renderer.texture.TextureAtlas/]: Created: 64x64x0 minecraft:textures/atlas/map_decorations.png-atlas
[05May2026 14:17:22.214] [Render thread/INFO] [net.minecraft.client.renderer.texture.TextureAtlas/]: Created: 1024x512x0 minecraft:textures/atlas/gui.png-atlas
[05May2026 14:17:22.234] [Render thread/WARN] [net.minecraft.client.renderer.ShaderInstance/]: Shader rendertype_entity_translucent_emissive could not find sampler named Sampler2 in the specified shader program.
[05May2026 14:17:22.287] [Render thread/INFO] [net.minecraft.client.renderer.texture.TextureAtlas/]: Created: 256x256x0 jei:textures/atlas/gui.png-atlas
[05May2026 14:17:26.705] [Render thread/INFO] [net.minecraft.world.item.crafting.RecipeManager/]: Loaded 1291 recipes
[05May2026 14:17:26.888] [Render thread/INFO] [net.minecraft.advancements.AdvancementTree/]: Loaded 1399 advancements
[05May2026 14:17:27.161] [Render thread/INFO] [mezz.jei.neoforge.startup.StartEventObserver/]: JEI StartEventObserver received class net.neoforged.neoforge.event.TagsUpdatedEvent too early, ignoring
[05May2026 14:17:27.221] [Server thread/INFO] [net.minecraft.client.server.IntegratedServer/]: Starting integrated minecraft server version 1.21
[05May2026 14:17:27.221] [Server thread/INFO] [net.minecraft.server.MinecraftServer/]: Generating keypair
[05May2026 14:17:27.993] [Server thread/INFO] [net.minecraft.server.MinecraftServer/]: Preparing start region for dimension minecraft:overworld
[05May2026 14:17:28.397] [progressListener/INFO] [net.minecraft.server.level.progress.LoggerChunkProgressListener/]: Preparing spawn area: 0%
[05May2026 14:17:28.574] [Server thread/INFO] [net.neoforged.neoforge.server.permission.PermissionAPI/]: Successfully initialized permission handler neoforge:default_handler
[05May2026 14:17:28.586] [progressListener/INFO] [net.minecraft.server.level.progress.LoggerChunkProgressListener/]: Time elapsed: 575 ms
[05May2026 14:17:28.662] [Server thread/INFO] [net.minecraft.client.server.IntegratedServer/]: Changing view distance to 12, from 10
[05May2026 14:17:28.662] [Server thread/INFO] [net.minecraft.client.server.IntegratedServer/]: Changing simulation distance to 12, from 0
[05May2026 14:17:29.356] [Render thread/INFO] [mezz.jei.neoforge.startup.StartEventObserver/]: JEI StartEventObserver received class net.neoforged.neoforge.event.TagsUpdatedEvent
[05May2026 14:17:29.514] [Server thread/INFO] [net.minecraft.server.players.PlayerList/]: Dev[local:E:15b7c603] logged in with entity id 107 at (-4.5, 78.0, -2.5)
[05May2026 14:17:29.577] [Server thread/INFO] [net.minecraft.server.MinecraftServer/]: Dev joined the game
[05May2026 14:17:29.732] [Render thread/WARN] [net.minecraft.client.ClientRecipeBook/]: Unknown recipe category: actuallyusefulstonecutter:stonecutter/actuallyusefulstonecutter:planks_oak_log
[05May2026 14:17:29.748] [Render thread/INFO] [mezz.jei.neoforge.startup.StartEventObserver/]: JEI StartEventObserver received class net.neoforged.neoforge.client.event.RecipesUpdatedEvent
[05May2026 14:17:29.749] [Render thread/INFO] [mezz.jei.neoforge.startup.StartEventObserver/]: JEI StartEventObserver transitioning state from LISTENING to JEI_STARTED
[05May2026 14:17:29.750] [Render thread/INFO] [mezz.jei.core.util.LoggedTimer/]: Starting JEI...
[05May2026 14:17:29.768] [Render thread/INFO] [mezz.jei.library.load.PluginCaller/]: Registering item subtypes...
[05May2026 14:17:29.784] [Render thread/INFO] [mezz.jei.library.load.PluginCallerTimerRunnable/]: Registering item subtypes: jei:minecraft took 15.11 milliseconds
[05May2026 14:17:29.784] [Render thread/INFO] [mezz.jei.library.load.PluginCaller/]: Registering item subtypes took 16.31 ms
[05May2026 14:17:29.785] [Render thread/INFO] [mezz.jei.library.load.PluginCaller/]: Registering fluid subtypes...
[05May2026 14:17:29.790] [Render thread/INFO] [mezz.jei.library.load.PluginCaller/]: Registering fluid subtypes took 4.016 ms
[05May2026 14:17:29.796] [Render thread/INFO] [mezz.jei.library.load.PluginCaller/]: Registering ingredients...
[05May2026 14:17:29.894] [Render thread/WARN] [mezz.jei.library.plugins.vanilla.ingredients.ItemStackListFactory/]: Item Group has no display items and no search tab display items. Items from this group will be missing from the JEI ingredient list. Operator Utilities
[05May2026 14:17:29.940] [Render thread/INFO] [mezz.jei.library.load.PluginCallerTimerRunnable/]: Registering ingredients: jei:minecraft took 143.2 milliseconds
[05May2026 14:17:29.940] [Render thread/INFO] [mezz.jei.library.load.PluginCaller/]: Registering ingredients took 144.1 ms
[05May2026 14:17:29.941] [Render thread/INFO] [mezz.jei.library.load.PluginCaller/]: Registering extra ingredients...
[05May2026 14:17:29.942] [Render thread/INFO] [mezz.jei.library.load.PluginCaller/]: Registering extra ingredients took 508.4 ?s
[05May2026 14:17:29.944] [Render thread/INFO] [mezz.jei.library.load.PluginCaller/]: Registering search ingredient aliases...
[05May2026 14:17:29.945] [Render thread/INFO] [mezz.jei.library.load.PluginCaller/]: Registering search ingredient aliases took 1.033 ms
[05May2026 14:17:29.958] [Render thread/INFO] [mezz.jei.library.load.PluginCaller/]: Registering Mod Info...
[05May2026 14:17:29.959] [Render thread/INFO] [mezz.jei.library.load.PluginCaller/]: Registering Mod Info took 825.1 ?s
[05May2026 14:17:30.017] [Render thread/INFO] [mezz.jei.library.load.PluginCaller/]: Registering categories...
[05May2026 14:17:30.074] [Render thread/INFO] [mezz.jei.library.load.PluginCallerTimerRunnable/]: Registering categories: jei:minecraft took 56.95 milliseconds
[05May2026 14:17:30.087] [Render thread/INFO] [mezz.jei.library.load.PluginCallerTimerRunnable/]: Registering categories: jei:internal took 12.25 milliseconds
[05May2026 14:17:30.088] [Render thread/INFO] [mezz.jei.library.load.PluginCaller/]: Registering categories took 70.70 ms
[05May2026 14:17:30.089] [Render thread/INFO] [mezz.jei.library.load.PluginCaller/]: Registering vanilla category extensions...
[05May2026 14:17:30.096] [Render thread/INFO] [mezz.jei.library.load.PluginCaller/]: Registering vanilla category extensions took 7.261 ms
[05May2026 14:17:30.098] [Render thread/INFO] [mezz.jei.library.load.PluginCaller/]: Registering recipe catalysts...
[05May2026 14:17:30.100] [Render thread/INFO] [mezz.jei.library.load.PluginCaller/]: Registering recipe catalysts took 1.578 ms
[05May2026 14:17:30.100] [Render thread/INFO] [mezz.jei.core.util.LoggedTimer/]: Building recipe registry...
[05May2026 14:17:30.125] [Render thread/INFO] [mezz.jei.core.util.LoggedTimer/]: Building recipe registry took 24.46 ms
[05May2026 14:17:30.128] [Render thread/INFO] [mezz.jei.library.load.PluginCaller/]: Registering advanced plugins...
[05May2026 14:17:30.129] [Render thread/INFO] [mezz.jei.library.load.PluginCaller/]: Registering advanced plugins took 774.1 ?s
[05May2026 14:17:30.132] [Render thread/INFO] [mezz.jei.library.load.PluginCaller/]: Registering recipes...
[05May2026 14:17:30.328] [Render thread/INFO] [mezz.jei.library.load.PluginCallerTimerRunnable/]: Registering recipes: jei:minecraft took 195.4 milliseconds
[05May2026 14:17:30.367] [Render thread/INFO] [mezz.jei.library.load.PluginCallerTimerRunnable/]: Registering recipes: jei:internal took 39.34 milliseconds
[05May2026 14:17:30.368] [Render thread/INFO] [mezz.jei.library.load.PluginCaller/]: Registering recipes took 236.1 ms
[05May2026 14:17:30.382] [Render thread/INFO] [mezz.jei.library.load.PluginCaller/]: Registering recipes transfer handlers...
[05May2026 14:17:30.388] [Render thread/INFO] [mezz.jei.library.load.PluginCaller/]: Registering recipes transfer handlers took 5.829 ms
[05May2026 14:17:30.402] [Render thread/INFO] [mezz.jei.core.util.LoggedTimer/]: Building runtime...
[05May2026 14:17:30.416] [Render thread/INFO] [mezz.jei.library.load.PluginCaller/]: Registering gui handlers...
[05May2026 14:17:30.433] [Render thread/INFO] [mezz.jei.library.load.PluginCaller/]: Registering gui handlers took 17.13 ms
[05May2026 14:17:30.444] [Render thread/INFO] [mezz.jei.library.load.PluginCaller/]: Registering Runtime...
[05May2026 14:17:30.447] [Render thread/INFO] [mezz.jei.gui.startup.JeiGuiStarter/]: Starting JEI GUI
[05May2026 14:17:30.448] [Render thread/INFO] [mezz.jei.core.util.LoggedTimer/]: Building ingredient list...
[05May2026 14:17:30.477] [Render thread/INFO] [mezz.jei.core.util.LoggedTimer/]: Building ingredient list took 27.79 ms
[05May2026 14:17:30.477] [Render thread/INFO] [mezz.jei.core.util.LoggedTimer/]: Building ingredient filter...
[05May2026 14:17:30.571] [Render thread/INFO] [mezz.jei.gui.ingredients.IngredientFilter/]: Adding 1688 ingredients
[05May2026 14:17:30.770] [Render thread/INFO] [mezz.jei.gui.ingredients.IngredientFilter/]: Added 1688 ingredients
[05May2026 14:17:30.772] [Render thread/INFO] [mezz.jei.core.util.LoggedTimer/]: Building ingredient filter took 294.7 ms
[05May2026 14:17:30.944] [Render thread/INFO] [mezz.jei.library.load.PluginCallerTimerRunnable/]: Registering Runtime: jei:neoforge_gui took 499.4 milliseconds
[05May2026 14:17:30.945] [Render thread/INFO] [mezz.jei.library.load.PluginCaller/]: Registering Runtime took 500.2 ms
[05May2026 14:17:30.947] [Render thread/INFO] [mezz.jei.core.util.LoggedTimer/]: Building runtime took 544.6 ms
[05May2026 14:17:30.948] [Render thread/INFO] [mezz.jei.library.load.PluginCaller/]: Sending Runtime...
[05May2026 14:17:30.948] [Render thread/INFO] [mezz.jei.library.load.PluginCaller/]: Sending Runtime took 476.5 ?s
[05May2026 14:17:30.948] [Render thread/INFO] [mezz.jei.core.util.LoggedTimer/]: Starting JEI took 1.198 s
[05May2026 14:17:30.973] [Render thread/INFO] [net.minecraft.advancements.AdvancementTree/]: Loaded 23 advancements
[05May2026 14:17:33.777] [Server thread/INFO] [net.minecraft.client.server.IntegratedServer/]: Saving and pausing game...
[05May2026 14:17:33.799] [Server thread/INFO] [net.minecraft.server.MinecraftServer/]: Saving chunks for level 'ServerLevel[New World]'/minecraft:overworld
[05May2026 14:17:33.845] [Server thread/INFO] [net.minecraft.server.MinecraftServer/]: Saving chunks for level 'ServerLevel[New World]'/minecraft:the_nether
[05May2026 14:17:33.856] [Server thread/INFO] [net.minecraft.server.MinecraftServer/]: Saving chunks for level 'ServerLevel[New World]'/minecraft:the_end
[05May2026 14:18:51.627] [Server thread/INFO] [net.minecraft.client.server.IntegratedServer/]: Saving and pausing game...
[05May2026 14:18:51.641] [Server thread/INFO] [net.minecraft.server.MinecraftServer/]: Saving chunks for level 'ServerLevel[New World]'/minecraft:overworld
[05May2026 14:18:51.660] [Server thread/INFO] [net.minecraft.server.MinecraftServer/]: Saving chunks for level 'ServerLevel[New World]'/minecraft:the_nether
[05May2026 14:18:51.675] [Server thread/INFO] [net.minecraft.server.MinecraftServer/]: Saving chunks for level 'ServerLevel[New World]'/minecraft:the_end
[05May2026 14:18:53.366] [Render thread/INFO] [mezz.jei.neoforge.startup.StartEventObserver/]: JEI StartEventObserver received class net.neoforged.neoforge.client.event.ClientPlayerNetworkEvent$LoggingOut
[05May2026 14:18:53.366] [Render thread/INFO] [mezz.jei.neoforge.startup.StartEventObserver/]: JEI StartEventObserver transitioning state from JEI_STARTED to LISTENING
[05May2026 14:18:53.366] [Render thread/INFO] [mezz.jei.library.startup.JeiStarter/]: Stopping JEI
[05May2026 14:18:53.367] [Render thread/INFO] [mezz.jei.library.load.PluginCaller/]: Sending Runtime Unavailable...
[05May2026 14:18:53.367] [Render thread/INFO] [mezz.jei.neoforge.plugins.neoforge.NeoForgeGuiPlugin/]: Stopping JEI GUI
[05May2026 14:18:53.370] [Render thread/INFO] [mezz.jei.library.load.PluginCaller/]: Sending Runtime Unavailable took 2.776 ms
[05May2026 14:18:53.383] [Server thread/INFO] [net.minecraft.server.network.ServerGamePacketListenerImpl/]: Dev lost connection: Disconnected
[05May2026 14:18:53.383] [Server thread/INFO] [net.minecraft.server.MinecraftServer/]: Dev left the game
[05May2026 14:18:53.395] [Server thread/INFO] [net.minecraft.server.network.ServerCommonPacketListenerImpl/]: Stopping singleplayer server as player logged out
[05May2026 14:18:53.427] [Server thread/INFO] [net.minecraft.server.MinecraftServer/]: Stopping server
[05May2026 14:18:53.428] [Server thread/INFO] [net.minecraft.server.MinecraftServer/]: Saving players
[05May2026 14:18:53.428] [Server thread/INFO] [net.minecraft.server.MinecraftServer/]: Saving worlds
[05May2026 14:18:53.685] [Server thread/INFO] [net.minecraft.server.MinecraftServer/]: Saving chunks for level 'ServerLevel[New World]'/minecraft:overworld
[05May2026 14:18:53.760] [Server thread/INFO] [net.minecraft.server.MinecraftServer/]: Saving chunks for level 'ServerLevel[New World]'/minecraft:the_nether
[05May2026 14:18:53.775] [Server thread/INFO] [net.minecraft.server.MinecraftServer/]: Saving chunks for level 'ServerLevel[New World]'/minecraft:the_end
[05May2026 14:18:53.786] [Server thread/INFO] [net.minecraft.server.MinecraftServer/]: ThreadedAnvilChunkStorage (New World): All chunks are saved
[05May2026 14:18:53.786] [Server thread/INFO] [net.minecraft.server.MinecraftServer/]: ThreadedAnvilChunkStorage (DIM-1): All chunks are saved
[05May2026 14:18:53.786] [Server thread/INFO] [net.minecraft.server.MinecraftServer/]: ThreadedAnvilChunkStorage (DIM1): All chunks are saved
[05May2026 14:18:53.786] [Server thread/INFO] [net.minecraft.server.MinecraftServer/]: ThreadedAnvilChunkStorage: All dimensions are saved
[05May2026 14:18:54.553] [Render thread/INFO] [net.minecraft.client.Minecraft/]: Stopping!
